c:\users\albert\documents\github\containing\containing\containing\debug\containing.pch
c:\users\albert\documents\github\containing\containing\containing\debug\vc140.pdb
c:\users\albert\documents\github\containing\containing\containing\debug\vc140.idb
c:\users\albert\documents\github\containing\containing\containing\debug\stdafx.obj
c:\users\albert\documents\github\containing\containing\containing\debug\afstandberekenaar.obj
c:\users\albert\documents\github\containing\containing\containing\debug\container.obj
c:\users\albert\documents\github\containing\containing\containing\debug\containing.obj
c:\users\albert\documents\github\containing\containing\containing\debug\schip.obj
c:\users\albert\documents\github\containing\containing\containing\debug\sockets.obj
c:\users\albert\documents\github\containing\containing\containing\debug\trein.obj
c:\users\albert\documents\github\containing\containing\containing\debug\voertuig.obj
c:\users\albert\documents\github\containing\containing\containing\debug\vrachtwagen.obj
c:\users\albert\documents\github\containing\containing\containing\debug\xmlreader.obj
c:\users\albert\documents\github\containing\containing\containing\debug\msxml6.tli
c:\users\albert\documents\github\containing\containing\containing\debug\msxml6.tlh
c:\users\albert\documents\github\containing\containing\containing\debug\containing.pdb
c:\users\albert\documents\github\containing\containing\containing\debug\containing.tlog\cl.command.1.tlog
c:\users\albert\documents\github\containing\containing\containing\debug\containing.tlog\cl.read.1.tlog
c:\users\albert\documents\github\containing\containing\containing\debug\containing.tlog\cl.write.1.tlog
c:\users\albert\documents\github\containing\containing\containing\debug\containing.tlog\link.command.1.tlog
c:\users\albert\documents\github\containing\containing\containing\debug\containing.tlog\link.read.1.tlog
c:\users\albert\documents\github\containing\containing\containing\debug\containing.tlog\link.write.1.tlog
